<?xml version="1.0" encoding="UTF-8"?>
<!-- Generated by org.testng.reporters.JUnitXMLReporter -->
<testsuite ignored="0" hostname="Sudheers-MacBook-Pro.local" failures="0" tests="5" name="Default test" time="40.143" errors="0" timestamp="2023-04-30T00:24:36 PDT">
  <testcase classname="com.acti.testcase.LoginPageTests" name="testForgotPasswordDisplayed" time="0.088"/>
  <testcase classname="com.acti.testcase.LoginPageTests" name="testLogin" time="0.314"/>
  <testcase classname="com.acti.testcase.LoginPageTests" name="testLoginInvalidCredentials" time="3.281"/>
  <testcase classname="com.acti.testcase.LoginPageTests" name="testLoginPageTitle" time="0.01"/>
  <testcase classname="com.acti.testcase.LoginPageTests" name="testactImageDisplayed" time="0.068"/>
</testsuite> <!-- Default test -->
